\BOOKMARK [0][-]{part.1}{\376\377\000I\000\040\000U\000s\000e\000r\000'\000s\000\040\000G\000u\000i\000d\000e}{}% 1
\BOOKMARK [1][-]{section.1}{\376\377\000W\000h\000a\000t\000\040\000t\000h\000e\000\040\000R\000e\000a\000c\000t\000i\000v\000e\000\040\000M\000o\000t\000o\000r\000\040\000C\000o\000n\000t\000r\000o\000l\000l\000e\000r\000\040\000d\000o\000e\000s}{part.1}% 2
\BOOKMARK [1][-]{section.2}{\376\377\000R\000e\000q\000u\000i\000r\000e\000m\000e\000n\000t\000s\000\040\000f\000o\000r\000\040\000u\000s\000e}{part.1}% 3
\BOOKMARK [2][-]{subsection.2.1}{\376\377\000V\000o\000l\000t\000a\000g\000e\000\040\000s\000o\000u\000r\000c\000e}{section.2}% 4
\BOOKMARK [2][-]{subsection.2.2}{\376\377\000C\000o\000m\000p\000u\000t\000e\000r\000\040\000w\000i\000t\000h\000\040\000p\000o\000w\000e\000r\000e\000d\000\040\000U\000S\000B}{section.2}% 5
\BOOKMARK [2][-]{subsection.2.3}{\376\377\000D\000a\000t\000a\000\040\000a\000c\000q\000u\000i\000s\000i\000t\000i\000o\000n}{section.2}% 6
\BOOKMARK [1][-]{section.3}{\376\377\000I\000n\000s\000t\000a\000l\000l\000i\000n\000g\000\040\000B\000e\000a\000g\000l\000e\000B\000o\000n\000e\000\040\000d\000r\000i\000v\000e\000r\000s\000\040\000o\000n\000\040\000a\000\040\000n\000e\000w\000\040\000c\000o\000m\000p\000u\000t\000e\000r}{part.1}% 7
\BOOKMARK [1][-]{section.4}{\376\377\000E\000s\000t\000a\000b\000l\000i\000s\000h\000i\000n\000g\000\040\000a\000n\000\040\000S\000S\000H\000\040\000c\000o\000n\000n\000e\000c\000t\000i\000o\000n}{part.1}% 8
\BOOKMARK [2][-]{subsection.4.1}{\376\377\000O\000n\000\040\000L\000i\000n\000u\000x}{section.4}% 9
\BOOKMARK [2][-]{subsection.4.2}{\376\377\000O\000n\000\040\000W\000i\000n\000d\000o\000w\000s}{section.4}% 10
\BOOKMARK [2][-]{subsection.4.3}{\376\377\000C\000A\000U\000T\000I\000O\000N\000:\000\040\000S\000a\000f\000e\000l\000y\000\040\000d\000i\000s\000c\000o\000n\000n\000e\000c\000t\000i\000n\000g\000\040\000t\000h\000e\000\040\000B\000e\000a\000g\000l\000e\000B\000o\000n\000e}{section.4}% 11
\BOOKMARK [1][-]{section.5}{\376\377\000P\000r\000o\000g\000r\000a\000m\000m\000i\000n\000g\000\040\000t\000h\000e\000\040\000B\000e\000a\000g\000l\000e\000B\000o\000n\000e}{part.1}% 12
\BOOKMARK [2][-]{subsection.5.1}{\376\377\000C\000A\000U\000T\000I\000O\000N\000:\000\040\000T\000h\000e\000\040\000T\000y\000p\000o\000c\000a\000l\000y\000p\000s\000e}{section.5}% 13
\BOOKMARK [2][-]{subsection.5.2}{\376\377\000C\000o\000n\000f\000i\000g\000u\000r\000i\000n\000g\000\040\000B\000e\000a\000g\000l\000e\000B\000o\000n\000e\000\040\000I\000/\000O\000\040\000p\000i\000n\000s}{section.5}% 14
\BOOKMARK [2][-]{subsection.5.3}{\376\377\000B\000a\000c\000k\000i\000n\000g\000\040\000u\000p\000\040\000c\000o\000d\000e}{section.5}% 15
\BOOKMARK [2][-]{subsection.5.4}{\376\377\000E\000d\000i\000t\000i\000n\000g\000\040\000a\000n\000d\000\040\000c\000o\000m\000p\000i\000l\000i\000n\000g\000\040\000c\000o\000d\000e}{section.5}% 16
\BOOKMARK [2][-]{subsection.5.5}{\376\377\000E\000x\000e\000c\000u\000t\000i\000n\000g\000\040\000c\000o\000d\000e}{section.5}% 17
\BOOKMARK [1][-]{section.6}{\376\377\000G\000u\000i\000d\000e\000\040\000t\000o\000\040\000t\000h\000e\000\040\000c\000o\000d\000e}{part.1}% 18
\BOOKMARK [0][-]{part.2}{\376\377\000I\000I\000\040\000F\000a\000b\000r\000i\000c\000a\000t\000i\000o\000n}{}% 19
\BOOKMARK [1][-]{section.7}{\376\377\000P\000a\000r\000t\000s}{part.2}% 20
\BOOKMARK [1][-]{section.8}{\376\377\000C\000i\000r\000c\000u\000i\000t\000\040\000d\000e\000s\000i\000g\000n}{part.2}% 21
\BOOKMARK [1][-]{section.9}{\376\377\000R\000o\000o\000m\000\040\000f\000o\000r\000\040\000I\000m\000p\000r\000o\000v\000e\000m\000e\000n\000t}{part.2}% 22
\BOOKMARK [0][-]{part.3}{\376\377\000I\000I\000I\000\040\000C\000h\000e\000a\000t\000\040\000S\000h\000e\000e\000t}{}% 23
